lCoKYuomsJvfMrAY4VtBGh9GJHh2F5kmV8k8R6ClqaxTYTUbZwMXW5VoKTtrx8hMXLka0SVraQ/0Asfmito+cds1Dah0U3vEa6Ej6+hgaAE0E0EtTSoP6aWl4P3vcys78UqdIPL+OVOstNrN8qa0Ej7fZAYsxOUggr0D5x+xIY5DnQOYsb1WiUJrc1MCF3FL7I24p8s=
vBq0+nyf4Bz5XHyS1YtW6M4Me7+Z0MimvsbO0byG3m/snW/7iqMuVUfDxkEXxic7rvvcTpDDtN0Jd9JDF4iup6mMKeWZOxLEymmmp9ut156dgQcBGi1VN2lzI75HAOiKK1uusODdiIKW+uzrPkZ2cDfIIBl5d6U1owbR6Zk4a0mEwQAvSYP4M1Mj/rmip9E=
lnbDyeAnq2PSblYc5yE0DHz2i6wX3pP5OBPeACfmhs6+Q+gNPC6vZESQjOrQO8M/R2tMUz+5hJGEJMKddRaQ0rJDRoFRaW7TRgOi/bPzsnnuQ1kDWsuo5hxj+PUdJ4bbi8iyv33cvQ1VWx4sfhkSX+et62Yp8bPpFk2Z3/0j96ZbQHQSfwu6mKx9BCriyhjTQsaKSEP41LH112kdt9YFcQX4d1HQEZRHBWP0W+fTSsGep+0=
u0Ig5rFmMIEUqXLlSKFJQPqWmuTT9mkpU7qcfoHrixGDigcd87eiQVU7R1/EYVsbe1QDmQEuWHlZTKAa/5gzDfLnjV11Eu2Q0OjdpKuL1dqx1OdI3B6wX1Tul32KwbX3lJv+9xnXZlFeYrRjU8ivStM+slpr4Kj89yEt8/WIy6dFPgfFq6un1g==
Pjm1AnSIBXqZfqIQnT9MM5jw07PMFvHARb/JKCwcAJbS56n5q0OgU4mfqy1bTtexWyoj3e2ft5MMVTtnY1ATden6GCUhKBCWd2yTsaqj3XFdBu2M6Myt6OM/NSYpUHcktEpwg6wKp3GCtZXLTF8uW7FD5s3mxkSvm/zPNss6oraDNOigj0Wdf318axsdelfpg7+nyg==
NVfeo+gK8Stqs5Xm5xM40pjw07PMFvHARb/JKCwcAJbS9qH3rUyhAYmfqy1bTtexWysj3e2ft5MMVTtnY1ATden6GCUhKBCWd2yTsaqj3XFdBu2M6Myt6OM/NSYpUHcktEpwg6wKp3GCtZXLTF8uW7FD5s3mxkSvm/zPNss6oraDNOigj0Wdf318axsdelfpg7+nyg==
5QKAvbqMEfmd6hTzc1nB9uW9vhQ7haLsRwwujppTm1+VQdzV8MTTj7RSAWzJOyeydHwbmLuCJExHiUXtQcuLMUNqh32znKNhFVvHvwRBWzu7tIP5QQ5YWRksIPo/uDMtMgcNPTUy7bCQiF1Ea6vV+nE0ZyicPrB/FI4XnUrhtddUe36XWfdmcR4CNIOT6K9qE94yOivAqNy3Qa0TNajLh4Xeh6Xri6f2
f3Cux8Z/aqMjOikWLcPfujNibBOcbXvHNGeljpyd+xJWXydBmJmqE2YDgj3Tc1K5iEO6QzpLSKY8Y9i1vacmm6vI0v+dXN3NtVt+7N6Zsp/HrcumiXETKXZNeR+doxfmO0BUUt+LGtiMfSRqAkp4k6LG6oijeLRx1ddJ3RdWpbEl+JeRsJF0B2VjFBtHU+qBvqfN
VQ3klls33qKgi2eph6SeWbGoQf6W7Lyn3CvB3K6Gr1ESzMr61qNqLmLyhV0hewuBI9pHTdOqo1F1awcPZPHbi9sEQ8khPlhpeRzgSl8Is51St80NVQLtgPC4nfQLG1VKEYSnGPwOsE90vtctKlE1ZzTLvqc5x2ZBfjL0M/NYL9pzbvIKS/Co7NdxbaNVGEs35W5HlYu7p8Y=
6y9SJMLK0UXM7HL2HUrsBEJVLmhqH5p1TcsiV7PitY9TbDV0AW1+QZx/MDNU8eUrFPVIg3wPfBP+aurTjtkLf8A3Dah0U3vEa6Ej6+hgaAE0E0EtTSoP6aWl4P3vcys78UqdIPL+OVOstNrN8qa0Ej7fZAYsxOUggr0D5x+xIY5DnQOYsb1WiUJrc1MCF3FL7I24p8s=
Wzk+r6Cs+0fLGjh4laDTcc1T4fReXu8ZQnQqEnkxpPS3QSX1USPLSfPiJyXjsKNZZRMnJ5Qpm8OLvKMhkabY4enkQOIvUHNVgo+tZWUa7YjgwL3c+8MVAkE8R/BMljDH5EZ3hVoJ9a/k897PCd9mSW5K1BsDgG+SI9YS4vtoKGRHic0LJUCL/zVWJ/27o6fO
VKw5Fb5J7M2P5DMt9pUiS7axfxARuJ6E5dGShGdro0Muw0rN+1NKyZFCorMia2DWdCMQZVUHngvTSGpvZbx1nf0bNtw2eaqv363TlpGR+xk+DTFPNUPvdoPALMJnK/IIRD1sGipqYGO6xvL4u1icgR0XAY1/9h0h3XgvAcjx3Neto9wrLzPysaan1Q==
Z5Ori8wSObCwyKDe8ejGqi/PYY3MF22u3ayh/pdjg3WX95YrpbX2v0JtNnlvZVXpWdfrZYum99lLJiLV/feXe9wdey+zuLMdeXKYrbFAsH6nJNP5ekv9GU0O7YT4pI0AM3d1bvm410wkwvALPGIHmVL91YOctw4zoUvmxfauZEdLtI9+G9IC3hO8aCgfLT2XrTQrU82Sd4GTt6fC
Ft3hJQl9elaWzTZWLhy5bz9jYB6FLDKPK3D8g9DCp0BURmZBmJmqE2YDgj3Tc1K5j0K6QzpLSKY8Y9i1vacmm6vI0v+dXN3NtVt+7N6Zsp/HrcumiXETKXZNeR+doxfmO0BUUt+LGtiMfSRqAkp4k6LG6oijeLRx1ddJ3RdWpbEl+JeRsJF0B2VjFBtHU+qBvqfN
HO7BCWHrIXRofTVVyGJM4p3IGqcY5gIvcN929KRJRCmB219CsSKiAUa+BJ2Gp7lcn2+C+H3sxPdebIrHreBy7YH+bMvTeQrdHjsERl6cy8zyobagbNwtaSucrArQo9xuIhiTXo7WOfDIESteBBcsk+jZsdtg7QcCsReIYypCVnOSMX+v1A+B6Hgr75RfCb8LlIg8MQCLjS2BsjvZ8U2cHXPbH2tlMpFgfsYtg9hcxm1OjmBiyseohmDckdDWlb9HA9nV3lelj1i9RcJZdsPvM/5/pXvYFfSnhw==
UjbCtpReIXMrs/EeWG86NNKRgmwZCUSN0CM/s8ejz57vRm9R9o48+uq1ci1MbuCBk1CqafGzS/kTMmdVw66iaAVD59c0uRtza2zjUbG22NGJtIASj8Dz5WJf7RVFCu24gJB9LFtTlbKh7AeAbIYw94QWt3X6mXUfBCOevynPZnkOGhTroxDvIsMGUpLbeChUJ9kN+4XQC0/VhmeNm7On/g==
/a9K7zW8fGBvYu2JHxKnLCnCOFEsaGgb4H1XNxJR04K9ZDkIEhmq3Qp8tEvC42aFv+PuMQbBP8uG26QeWAN8bVEXetPvCBY3wSzxFVF7WpTyiU6Xw63PrnVhP1FSbZ3HsdNLLv+AEBqDO/YAKB1A0u7axBsmRm4AH+jYyTE37YV75nl54bjT2WxhWF8BQzDja0OWibqnyQ==
a2UaOYC5BSy68Kn8bBupfbb6gAu7lBxS8yxXHhcocsXQlZZzSLu9zfsbh7Qf/x9p5RUhVe/tWOfLsd8Ke9tNGLiDTUKoCIP+A8c2GVX/2YRtCmRGNVZ3TYWw1crfStDokGUAoN8vNmdFfRAlZpV1gaaLqoycUU/Ov2D34EqYp1bIhmOvpWEJbnvtAUBf54e9p8w=
Ow0WBpF0NQfgnuyLkPiu7+aMhJGU248DHdu12dtPz/BPW7f+ZYGJ8b+pELPrpdcOa/9lTPjX5eY4jAtqo5N+XQXb8ZBtHkxiZRI/GSUkXU5P7ni80DEohM8rPnNlKVhhNjHdFSYfAijMFQean3T/5Fq8jwKI0ssLNeWB+tu5SQQPw6+pp9g=
ivv+q99PhYfEezJCZXnVVwMWESd+Ja6BTN+gsyRRVevkFV6FYm8MU07KGlMeeVs/kBc9qISzq4Q7wbNrWICYwQQzUS1dCj8pVUVQfX8Te3shqm0gwt5pE/wUSk0CBgRSTr90BjwkFeAyHXNnjxHxTpO9M5jB3QZJkovj07J3AQvcrain2w==
RoZPR4BiCwpXrliZ1G3lG+SMhICWzYsDHdu12dtPz/BPW7f4ZYGJ8b+pELPrpdcOa/9lTPjX5eY4jAtqo5N+XQXb8ZBtHkxiZRI/GSUkXU5P7ni80DEohM8rPnNlKVhhNjHdFSYfAijMFQean3T/5Fq8jwKI0ssLNeWB+tu5SQQPw6+pp9g=
gybGCyVGa1OgJz0b6ZveoAMWFzFiOK6BTN+gsyRRVevkFViFYm8MU07KGlMeeVs/kBc9qISzq4Q7wbNrWICYwQQzUS1dCj8pVUVQfX8Te3shqm0gwt5pE/wUSk0CBgRSTr90BjwkFeAyHXNnjxHxTpO9M5jB3QZJkovj07J3AQvcrain2w==
MfcVBGRBZjQTlnbwx1IJMgMWFidwPa6BTN+gsyRRVevkFVuFYm8MU07KGlMeeVs/kBc9qISzq4Q7wbNrWICYwQQzUS1dCj8pVUVQfX8Te3shqm0gwt5pE/wUSk0CBgRSTr90BjwkFeAyHXNnjxHxTpO9M5jB3QZJkovj07J3AQvcrain2w==
XKG65Zuov86kpeHfzD96tZN6QThCl9QWOb/EoeLmwHqcfpb2hdTOipZEPR8BSMwEb4Ol4Zs3X3ivk4fnYpi5OV8hgMurnccGS7cV1HhPFS4YhBtSY2vu1WWTwYhtBnwqBZqv4eUcTUZvJogkUKlYzO8jLkslUcjp1vntDSYHMuAsnZfi30zv7Hr0/5oISjvDFe2RwhtB2Yxvi5+xp8A=
fevR+mjFTOt6nSamYC8wgVfxZUaFp39JKmIqDuYJ/RNcc6lRThZ0KpKNuun4qUKgvRHUaTapJfLUGfYrIQcdN8enjusFR84rI0haDzX8pX1tm0a8hrlaj8+tw7ZhUUt5To2hr+UDvxazwNziN2uiqNS93LpaKlCDqsbimIuYbCGtl5EtrzbNAa1+H+EYMYy3PSMsy59zgpG2p8U=
AwJJITdm+TVLDAUy2ajLxlfxZUaFp39JKmIqDuYJ/RNcc6lRThZ0KpKNuun4qUKgvRHUaTapJfLUGfYrIQcdN8enjusFR84rI0haDzX8pX1tm0a8hrlaj8+tw7ZhUUt5To2hr+UDvxazwNziN2uiqNS93LpaKlCDqsbimIuYbCGtl5EtrzbNAa17HOEYMYy3PSMsy59zgpG2p8U=
uvReJLVuXsoxt4AJtIOiz1aqxaj/7p55v9Cztd9bKzzY3PPEq/R1usdiwbFTwFkt6MPbuzHGzTRjU9guXtG0i6U0h1z4x4W2eDzrmiMj3i1Fi9GAbQ5sMiVin6ml1L3+D74YrNAhyFQPm14D5Zn4kfbh/QUmDyL4DOWnKh8En1SabG8SiMarW3VVYQpbCel0T5OPuafI
